{"logTime": "0701/085906", "correlationVector":"G2aDp+98O7dyge1zhToFkx.0","action":"FeedSettingFetch_homeCloud", "result":"0", "context":{}}
{"logTime": "0701/085906", "correlationVector":"G2aDp+98O7dyge1zhToFkx.0","action":"SyncServerConnectionManagerRequest", "result":"SYNC_SERVER_OK", "context":{"environment":"", "migrationStage":"", "server":""}}
{"logTime": "0701/085907", "correlationVector":"wTRthtc9p0xPj0sxvr5kye.1","action":"SyncServerConnectionManagerRequest", "result":"SYNC_SERVER_OK", "context":{"environment":"Prod_SoutheastAsia_000j", "migrationStage":"NotStarted", "server":"general0100000I"}}
{"logTime": "0701/085907", "correlationVector":"wTRthtc9p0xPj0sxvr5kye","action":"Initial GetUpdates", "result":"", "context":Reason: NEW_CLIENT. cV=wTRthtc9p0xPj0sxvr5kye}
{"logTime": "0701/085907", "correlationVector":"wTRthtc9p0xPj0sxvr5kye.2","action":"GetUpdates Response", "result":"SYNCER_OK", "context":Received 1 update(s). cV=wTRthtc9p0xPj0sxvr5kye.0;server=general0100000I;cloudType=Consumer;environment=Prod_SoutheastAsia_000j;migrationStage=NotStarted}
{"logTime": "0701/085907", "correlationVector":"Eu1jDqCtkCDSuRYUmqpWhG","action":"Initial GetUpdates", "result":"", "context":Reason: NEW_CLIENT. cV=Eu1jDqCtkCDSuRYUmqpWhG}
{"logTime": "0701/085907", "correlationVector":"Eu1jDqCtkCDSuRYUmqpWhG.1","action":"SyncServerConnectionManagerRequest", "result":"SYNC_SERVER_OK", "context":{"environment":"Prod_SoutheastAsia_000j", "migrationStage":"NotStarted", "server":"GENERAL0100001L"}}
{"logTime": "0701/085907", "correlationVector":"Eu1jDqCtkCDSuRYUmqpWhG.2","action":"GetUpdates Response", "result":"SYNCER_OK", "context":Received 56 update(s). cV=Eu1jDqCtkCDSuRYUmqpWhG.0;server=GENERAL0100001L;cloudType=Consumer;environment=Prod_SoutheastAsia_000j;migrationStage=NotStarted}
{"logTime": "0701/085907", "correlationVector":"mfuSHMrQ9svRQ9EX84GPyT","action":"Initial GetUpdates", "result":"", "context":Reason: NEW_CLIENT. cV=mfuSHMrQ9svRQ9EX84GPyT}
{"logTime": "0701/085908", "correlationVector":"mfuSHMrQ9svRQ9EX84GPyT.1","action":"SyncServerConnectionManagerRequest", "result":"SYNC_SERVER_OK", "context":{"environment":"Prod_SoutheastAsia_000j", "migrationStage":"NotStarted", "server":"general01000012"}}
{"logTime": "0701/085908", "correlationVector":"mfuSHMrQ9svRQ9EX84GPyT.2","action":"GetUpdates Response", "result":"SYNCER_OK", "context":Received 29 update(s). cV=mfuSHMrQ9svRQ9EX84GPyT.0;server=general01000012;cloudType=Consumer;environment=Prod_SoutheastAsia_000j;migrationStage=NotStarted}
{"logTime": "0701/085908", "correlationVector":"ox7vVFF9Ywc2aI0AJM9R3/","action":"Initial GetUpdates", "result":"", "context":Reason: NEW_CLIENT. cV=ox7vVFF9Ywc2aI0AJM9R3/}
{"logTime": "0701/085908", "correlationVector":"ox7vVFF9Ywc2aI0AJM9R3/.1","action":"SyncServerConnectionManagerRequest", "result":"SYNC_SERVER_OK", "context":{"environment":"Prod_SoutheastAsia_000j", "migrationStage":"NotStarted", "server":"general01000013"}}
{"logTime": "0701/085908", "correlationVector":"ox7vVFF9Ywc2aI0AJM9R3/.2","action":"GetUpdates Response", "result":"SERVER_MORE_TO_DOWNLOAD", "context":Received 249 update(s).  Some updates remain.}
{"logTime": "0701/085908", "correlationVector":"qUR+aqzSD18ASG41yA2Fo1","action":"Initial GetUpdates", "result":"", "context":Reason: NEW_CLIENT. cV=qUR+aqzSD18ASG41yA2Fo1}
{"logTime": "0701/085909", "correlationVector":"qUR+aqzSD18ASG41yA2Fo1.1","action":"SyncServerConnectionManagerRequest", "result":"SYNC_SERVER_OK", "context":{"environment":"Prod_SoutheastAsia_000j", "migrationStage":"NotStarted", "server":"GENERAL0100001E"}}
{"logTime": "0701/085909", "correlationVector":"qUR+aqzSD18ASG41yA2Fo1.2","action":"GetUpdates Response", "result":"SYNCER_OK", "context":Received 161 update(s). cV=qUR+aqzSD18ASG41yA2Fo1.0;server=GENERAL0100001E;cloudType=Consumer;environment=Prod_SoutheastAsia_000j;migrationStage=NotStarted}
{"logTime": "0701/085909", "correlationVector":"eSP6oWyQufFOcYcr6/LgBq","action":"Normal GetUpdate request", "result":"", "context":cV=eSP6oWyQufFOcYcr6/LgBq
Nudged types: Bookmarks, Preferences, Device Info, User Consents
Refresh requested types: Bookmarks, Preferences, Passwords, Autofill Profiles, Autofill, Autofill Custom Data, Extensions, Extension settings, Device Info, User Consents, Send Tab To Self, Web Apps, Collection, Edge E Drop, Encryption Keys}
{"logTime": "0701/085910", "correlationVector":"eSP6oWyQufFOcYcr6/LgBq.1","action":"SyncServerConnectionManagerRequest", "result":"SYNC_SERVER_OK", "context":{"environment":"Prod_SoutheastAsia_000j", "migrationStage":"NotStarted", "server":"GENERAL0100000E"}}
{"logTime": "0701/085910", "correlationVector":"eSP6oWyQufFOcYcr6/LgBq.2","action":"GetUpdates Response", "result":"SYNCER_OK", "context":Received 0 update(s). cV=eSP6oWyQufFOcYcr6/LgBq.0;server=GENERAL0100000E;cloudType=Consumer;environment=Prod_SoutheastAsia_000j;migrationStage=NotStarted}
{"logTime": "0701/085910", "correlationVector":"6VEr2bxm0n3b6u0o1JsLNV","action":"Commit Request", "result":"", "context":Item count: 1
Contributing types: Device Info}
{"logTime": "0701/085910", "correlationVector":"6VEr2bxm0n3b6u0o1JsLNV.1","action":"SyncServerConnectionManagerRequest", "result":"SYNC_SERVER_OK", "context":{"environment":"Prod_SoutheastAsia_000j", "migrationStage":"NotStarted", "server":"GENERAL0100000D"}}
{"logTime": "0701/085910", "correlationVector":"6VEr2bxm0n3b6u0o1JsLNV.2","action":"Commit Response", "result":"SYNCER_OK", "context":Result: SYNCER_OK. cV=6VEr2bxm0n3b6u0o1JsLNV.0;server=GENERAL0100000D;cloudType=Consumer;environment=Prod_SoutheastAsia_000j;migrationStage=NotStarted}
{"logTime": "0701/085910", "correlationVector":"/K/3kZU0/vsGu7kcNQSZ75","action":"Commit Request", "result":"", "context":Item count: 14
Contributing types: Bookmarks, Preferences, User Consents, Collection}
{"logTime": "0701/085911", "correlationVector":"/K/3kZU0/vsGu7kcNQSZ75.1","action":"SyncServerConnectionManagerRequest", "result":"SYNC_SERVER_OK", "context":{"environment":"Prod_SoutheastAsia_000j", "migrationStage":"NotStarted", "server":"GENERAL0100000D"}}
{"logTime": "0701/085911", "correlationVector":"/K/3kZU0/vsGu7kcNQSZ75.2","action":"Commit Response", "result":"SYNCER_OK", "context":Result: SYNCER_OK. cV=/K/3kZU0/vsGu7kcNQSZ75.0;server=GENERAL0100000D;cloudType=Consumer;environment=Prod_SoutheastAsia_000j;migrationStage=NotStarted}
{"logTime": "0701/125929", "correlationVector":"p3ODvFIQb/VaPZwL3d8Tee.0","action":"FeedSettingFetch_homeCloud", "result":"0", "context":{}}
{"logTime": "0701/125929", "correlationVector":"ZpYM+TFiWM4j0YP6K7xoMU.1","action":"SyncServerConnectionManagerRequest", "result":"SYNC_SERVER_OK", "context":{"environment":"Prod_SoutheastAsia_000j", "migrationStage":"NotStarted", "server":"GENERAL0100000C"}}
{"logTime": "0701/125929", "correlationVector":"ZpYM+TFiWM4j0YP6K7xoMU","action":"Initial GetUpdates", "result":"", "context":Reason: NEW_CLIENT. cV=ZpYM+TFiWM4j0YP6K7xoMU}
{"logTime": "0701/125929", "correlationVector":"ZpYM+TFiWM4j0YP6K7xoMU.2","action":"GetUpdates Response", "result":"SYNCER_OK", "context":Received 1 update(s). cV=ZpYM+TFiWM4j0YP6K7xoMU.0;server=GENERAL0100000C;cloudType=Consumer;environment=Prod_SoutheastAsia_000j;migrationStage=NotStarted}
{"logTime": "0701/125929", "correlationVector":"N5raYGkyyWHsCmx5FNZm2f","action":"Normal GetUpdate request", "result":"", "context":cV=N5raYGkyyWHsCmx5FNZm2f
Nudged types: User Consents
Refresh requested types: Bookmarks, Preferences, Autofill Custom Data, Extensions, Extension settings, Device Info, User Consents, Send Tab To Self, Web Apps, Collection, Edge E Drop, Encryption Keys}
{"logTime": "0701/125929", "correlationVector":"N5raYGkyyWHsCmx5FNZm2f.1","action":"SyncServerConnectionManagerRequest", "result":"SYNC_SERVER_OK", "context":{"environment":"Prod_SoutheastAsia_000j", "migrationStage":"NotStarted", "server":"GENERAL0100000E"}}
{"logTime": "0701/125929", "correlationVector":"N5raYGkyyWHsCmx5FNZm2f.2","action":"GetUpdates Response", "result":"SYNCER_OK", "context":Received 13 update(s). cV=N5raYGkyyWHsCmx5FNZm2f.0;server=GENERAL0100000E;cloudType=Consumer;environment=Prod_SoutheastAsia_000j;migrationStage=NotStarted}
{"logTime": "0701/125929", "correlationVector":"5Hv+n6xZ5ngYqboDVHxW6c","action":"Commit Request", "result":"", "context":Item count: 1
Contributing types: User Consents}
{"logTime": "0701/125929", "correlationVector":"5Hv+n6xZ5ngYqboDVHxW6c.1","action":"SyncServerConnectionManagerRequest", "result":"SYNC_SERVER_OK", "context":{"environment":"Prod_SoutheastAsia_000j", "migrationStage":"NotStarted", "server":"GENERAL0100000Y"}}
{"logTime": "0701/125929", "correlationVector":"5Hv+n6xZ5ngYqboDVHxW6c.2","action":"Commit Response", "result":"SYNCER_OK", "context":Result: SYNCER_OK. cV=5Hv+n6xZ5ngYqboDVHxW6c.0;server=GENERAL0100000Y;cloudType=Consumer;environment=Prod_SoutheastAsia_000j;migrationStage=NotStarted}
{"logTime": "0701/125929", "correlationVector":"tTHFs5sD3+TOSWMe2bHgko","action":"SyncServerConnectionManagerRequest", "result":"SYNC_SERVER_OK", "context":{"environment":"", "migrationStage":"", "server":""}}
{"logTime": "0701/125929", "correlationVector":"GKfksM+naYlOBiC9XQ4Yng","action":"Normal GetUpdate request", "result":"", "context":cV=GKfksM+naYlOBiC9XQ4Yng
Refresh requested types: Encryption Keys}
{"logTime": "0701/125929", "correlationVector":"GKfksM+naYlOBiC9XQ4Yng.1","action":"SyncServerConnectionManagerRequest", "result":"SYNC_SERVER_OK", "context":{"environment":"Prod_SoutheastAsia_000j", "migrationStage":"NotStarted", "server":"general0100001G"}}
{"logTime": "0701/125929", "correlationVector":"GKfksM+naYlOBiC9XQ4Yng.2","action":"GetUpdates Response", "result":"SYNCER_OK", "context":Received 0 update(s). cV=GKfksM+naYlOBiC9XQ4Yng.0;server=general0100001G;cloudType=Consumer;environment=Prod_SoutheastAsia_000j;migrationStage=NotStarted}
{"logTime": "0701/125929", "correlationVector":"iSY/8KcFs+RZ8yhbJSIU30","action":"Initial GetUpdates", "result":"", "context":Reason: NEWLY_SUPPORTED_DATATYPE. cV=iSY/8KcFs+RZ8yhbJSIU30}
{"logTime": "0701/125929", "correlationVector":"iSY/8KcFs+RZ8yhbJSIU30.1","action":"SyncServerConnectionManagerRequest", "result":"SYNC_SERVER_OK", "context":{"environment":"Prod_SoutheastAsia_000j", "migrationStage":"NotStarted", "server":"general01000012"}}
{"logTime": "0701/125929", "correlationVector":"iSY/8KcFs+RZ8yhbJSIU30.2","action":"GetUpdates", "result":"DeleteReceived", "context":{"id":"8ac0ccf2-f2cd-469b-bac8-91ce7c1185f7", "isDeleted:":"true", "version":"1686990544970"}}
{"logTime": "0701/125929", "correlationVector":"iSY/8KcFs+RZ8yhbJSIU30.3","action":"GetUpdates", "result":"DeleteReceived", "context":{"id":"626ecb0f-1f1f-4504-ba4e-526dd3a680e7", "isDeleted:":"true", "version":"1686990546606"}}
{"logTime": "0701/125929", "correlationVector":"iSY/8KcFs+RZ8yhbJSIU30.4","action":"GetUpdates", "result":"DeleteReceived", "context":{"id":"acc40e35-737f-484f-9a56-b09a011f6139", "isDeleted:":"true", "version":"1686990553541"}}
{"logTime": "0701/125929", "correlationVector":"iSY/8KcFs+RZ8yhbJSIU30.5","action":"GetUpdates Response", "result":"SYNCER_OK", "context":Received 147 update(s). cV=iSY/8KcFs+RZ8yhbJSIU30.0;server=general01000012;cloudType=Consumer;environment=Prod_SoutheastAsia_000j;migrationStage=NotStarted}
{"logTime": "0701/125929", "correlationVector":"pwfA6Y6ZWkOuYN7zrqX3Ff","action":"Normal GetUpdate request", "result":"", "context":cV=pwfA6Y6ZWkOuYN7zrqX3Ff
Refresh requested types: Bookmarks, Preferences, Passwords, Autofill Profiles, Autofill, Autofill Custom Data, Extensions, Extension settings, Device Info, User Consents, Send Tab To Self, Web Apps, Collection, Edge E Drop, Encryption Keys}
{"logTime": "0701/125929", "correlationVector":"pwfA6Y6ZWkOuYN7zrqX3Ff.1","action":"SyncServerConnectionManagerRequest", "result":"SYNC_SERVER_OK", "context":{"environment":"Prod_SoutheastAsia_000j", "migrationStage":"NotStarted", "server":"GENERAL0100000L"}}
{"logTime": "0701/125929", "correlationVector":"pwfA6Y6ZWkOuYN7zrqX3Ff.2","action":"GetUpdates Response", "result":"SYNCER_OK", "context":Received 0 update(s). cV=pwfA6Y6ZWkOuYN7zrqX3Ff.0;server=GENERAL0100000L;cloudType=Consumer;environment=Prod_SoutheastAsia_000j;migrationStage=NotStarted}
{"logTime": "0701/125930", "correlationVector":"LF7Znbb9w+CLxOmfal0oCh","action":"Initial GetUpdates", "result":"", "context":Reason: RECONFIGURATION. cV=LF7Znbb9w+CLxOmfal0oCh}
{"logTime": "0701/125931", "correlationVector":"LF7Znbb9w+CLxOmfal0oCh.1","action":"SyncServerConnectionManagerRequest", "result":"SYNC_SERVER_OK", "context":{"environment":"Prod_SoutheastAsia_000j", "migrationStage":"NotStarted", "server":"GENERAL0100000H"}}
{"logTime": "0701/125931", "correlationVector":"LF7Znbb9w+CLxOmfal0oCh.2","action":"GetUpdates", "result":"DeleteReceived", "context":{"id":"761d691c-15a8-4054-85a3-c1db13e4e0e1", "isDeleted:":"true", "version":"1680981027895"}}
{"logTime": "0701/125931", "correlationVector":"LF7Znbb9w+CLxOmfal0oCh.3","action":"GetUpdates", "result":"DeleteReceived", "context":{"id":"7bb1e4a8-1a32-45ce-95d2-0b471782339a", "isDeleted:":"true", "version":"1680981027896"}}
{"logTime": "0701/125931", "correlationVector":"LF7Znbb9w+CLxOmfal0oCh.4","action":"GetUpdates", "result":"DeleteReceived", "context":{"id":"3128c3cb-4132-44e7-bda1-d64b32c4dcc4", "isDeleted:":"true", "version":"1680981027897"}}
{"logTime": "0701/125931", "correlationVector":"LF7Znbb9w+CLxOmfal0oCh.5","action":"GetUpdates", "result":"DeleteReceived", "context":{"id":"f4835909-13c5-40d7-a1ae-33a4bfaecef3", "isDeleted:":"true", "version":"1680981027898"}}
{"logTime": "0701/125931", "correlationVector":"LF7Znbb9w+CLxOmfal0oCh.6","action":"GetUpdates", "result":"DeleteReceived", "context":{"id":"a2ddc7c3-d01b-4303-b794-1457e6984bcf", "isDeleted:":"true", "version":"1680981027899"}}
{"logTime": "0701/125931", "correlationVector":"LF7Znbb9w+CLxOmfal0oCh.7","action":"GetUpdates", "result":"DeleteReceived", "context":{"id":"f63a33ac-ce49-413b-aa69-f669901a3a48", "isDeleted:":"true", "version":"1680981027901"}}
{"logTime": "0701/125931", "correlationVector":"LF7Znbb9w+CLxOmfal0oCh.8","action":"GetUpdates", "result":"DeleteReceived", "context":{"id":"59e8a532-589b-4f12-a9f5-d82c48ec345c", "isDeleted:":"true", "version":"1680981029028"}}
{"logTime": "0701/125931", "correlationVector":"LF7Znbb9w+CLxOmfal0oCh.9","action":"GetUpdates", "result":"DeleteReceived", "context":{"id":"8c751e18-7094-4d82-a25c-3d257a019e13", "isDeleted:":"true", "version":"1680984239966"}}
{"logTime": "0701/125931", "correlationVector":"LF7Znbb9w+CLxOmfal0oCh.10","action":"GetUpdates", "result":"DeleteReceived", "context":{"id":"c1175529-c9af-418f-8008-c22f50dafa49", "isDeleted:":"true", "version":"1680984239967"}}
{"logTime": "0701/125931", "correlationVector":"LF7Znbb9w+CLxOmfal0oCh.11","action":"GetUpdates", "result":"DeleteReceived", "context":{"id":"deac3bc9-f22b-47c6-87ad-39eb0253d4c5", "isDeleted:":"true", "version":"1680984239968"}}
{"logTime": "0701/125931", "correlationVector":"LF7Znbb9w+CLxOmfal0oCh.12","action":"GetUpdates", "result":"DeleteReceived", "context":{"id":"da147ce5-49f1-4fd5-88d4-30da5eda21a6", "isDeleted:":"true", "version":"1681056449709"}}
{"logTime": "0701/125931", "correlationVector":"LF7Znbb9w+CLxOmfal0oCh.13","action":"GetUpdates", "result":"DeleteReceived", "context":{"id":"675e1662-d565-4ab4-937b-67eac0e90fb1", "isDeleted:":"true", "version":"1681056449710"}}
{"logTime": "0701/125931", "correlationVector":"LF7Znbb9w+CLxOmfal0oCh.14","action":"GetUpdates", "result":"DeleteReceived", "context":{"id":"3465d35d-7400-4c66-b3c6-94d91556d763", "isDeleted:":"true", "version":"1681056449711"}}
{"logTime": "0701/125931", "correlationVector":"LF7Znbb9w+CLxOmfal0oCh.15","action":"GetUpdates", "result":"DeleteReceived", "context":{"id":"14542fb0-9831-4cd0-9f2e-e97f18021893", "isDeleted:":"true", "version":"1681056449712"}}
{"logTime": "0701/125931", "correlationVector":"LF7Znbb9w+CLxOmfal0oCh.16","action":"GetUpdates", "result":"DeleteReceived", "context":{"id":"351b0e59-b994-44a5-bee2-a84ef02baeac", "isDeleted:":"true", "version":"1681557250456"}}
{"logTime": "0701/125931", "correlationVector":"LF7Znbb9w+CLxOmfal0oCh.17","action":"GetUpdates", "result":"DeleteReceived", "context":{"id":"503790e3-6817-4798-987f-a6d7b06c7841", "isDeleted:":"true", "version":"1681557262137"}}
{"logTime": "0701/125931", "correlationVector":"LF7Znbb9w+CLxOmfal0oCh.18","action":"GetUpdates", "result":"DeleteReceived", "context":{"id":"1c12f381-820c-4662-9d91-e90345231b1f", "isDeleted:":"true", "version":"1682183972907"}}
{"logTime": "0701/125931", "correlationVector":"LF7Znbb9w+CLxOmfal0oCh.19","action":"GetUpdates", "result":"DeleteReceived", "context":{"id":"ece805bc-d79c-4e2e-9e0e-86897d32c4d5", "isDeleted:":"true", "version":"1682183972908"}}
{"logTime": "0701/125931", "correlationVector":"LF7Znbb9w+CLxOmfal0oCh.20","action":"GetUpdates", "result":"DeleteReceived", "context":{"id":"5f6dd823-d81e-4656-b402-72271f262243", "isDeleted:":"true", "version":"1682183972909"}}
{"logTime": "0701/125931", "correlationVector":"LF7Znbb9w+CLxOmfal0oCh.21","action":"GetUpdates", "result":"DeleteReceived", "context":{"id":"192d8749-b85d-4c96-9e54-f8b22789db12", "isDeleted:":"true", "version":"1682183972910"}}
{"logTime": "0701/125931", "correlationVector":"LF7Znbb9w+CLxOmfal0oCh.22","action":"GetUpdates", "result":"DeleteReceived", "context":{"id":"b2b3d731-fc43-4369-9af1-bb53bd925430", "isDeleted:":"true", "version":"1682183972911"}}
{"logTime": "0701/125931", "correlationVector":"LF7Znbb9w+CLxOmfal0oCh.23","action":"GetUpdates", "result":"DeleteReceived", "context":{"id":"d36ba3a5-7799-461a-badb-97b56345ee7c", "isDeleted:":"true", "version":"1682702950062"}}
{"logTime": "0701/125931", "correlationVector":"LF7Znbb9w+CLxOmfal0oCh.24","action":"GetUpdates", "result":"DeleteReceived", "context":{"id":"289a9dc7-0c9f-4c52-bd8f-1f0e9c908904", "isDeleted:":"true", "version":"1682789291116"}}
{"logTime": "0701/125931", "correlationVector":"LF7Znbb9w+CLxOmfal0oCh.25","action":"GetUpdates", "result":"DeleteReceived", "context":{"id":"3f20dc82-e1d0-4711-8487-50b8a33f26b0", "isDeleted:":"true", "version":"1684663563367"}}
{"logTime": "0701/125931", "correlationVector":"LF7Znbb9w+CLxOmfal0oCh.26","action":"GetUpdates", "result":"DeleteReceived", "context":{"id":"5de5bece-c5d0-47eb-b966-80fb477f3dc6", "isDeleted:":"true", "version":"1684663672720"}}
{"logTime": "0701/125931", "correlationVector":"LF7Znbb9w+CLxOmfal0oCh.27","action":"GetUpdates", "result":"DeleteReceived", "context":{"id":"75f773b5-3dc0-41c8-a1c9-e8eedb9e52cb", "isDeleted:":"true", "version":"1686229784791"}}
{"logTime": "0701/125931", "correlationVector":"LF7Znbb9w+CLxOmfal0oCh.28","action":"GetUpdates", "result":"DeleteReceived", "context":{"id":"f1ee0671-c28f-4977-a780-243fa16f7935", "isDeleted:":"true", "version":"1686229784792"}}
{"logTime": "0701/125931", "correlationVector":"LF7Znbb9w+CLxOmfal0oCh.29","action":"GetUpdates", "result":"DeleteReceived", "context":{"id":"03cb300b-3cad-4e6d-973d-7446cd734083", "isDeleted:":"true", "version":"1686991308226"}}
{"logTime": "0701/125931", "correlationVector":"LF7Znbb9w+CLxOmfal0oCh.30","action":"GetUpdates", "result":"DeleteReceived", "context":{"id":"6fea2a73-6f1a-4dea-8830-362eb618aa64", "isDeleted:":"true", "version":"1686991308227"}}
{"logTime": "0701/125931", "correlationVector":"LF7Znbb9w+CLxOmfal0oCh.31","action":"GetUpdates", "result":"DeleteReceived", "context":{"id":"3bc677de-9cab-4cd5-91cf-367687535bd8", "isDeleted:":"true", "version":"1687455983232"}}
{"logTime": "0701/125931", "correlationVector":"LF7Znbb9w+CLxOmfal0oCh.32","action":"GetUpdates", "result":"DeleteReceived", "context":{"id":"3f858b5c-1430-4675-bd5f-25356e6441ca", "isDeleted:":"true", "version":"1687944135202"}}
{"logTime": "0701/125931", "correlationVector":"LF7Znbb9w+CLxOmfal0oCh.33","action":"GetUpdates Response", "result":"SYNCER_OK", "context":Received 35 update(s). cV=LF7Znbb9w+CLxOmfal0oCh.0;server=GENERAL0100000H;cloudType=Consumer;environment=Prod_SoutheastAsia_000j;migrationStage=NotStarted}
{"logTime": "0701/125931", "correlationVector":"D3BCK0zO/h4rvRN+QvJ7O5","action":"Normal GetUpdate request", "result":"", "context":cV=D3BCK0zO/h4rvRN+QvJ7O5
Nudged types: Sessions, Device Info, User Consents
Refresh requested types: Bookmarks, Preferences, Passwords, Autofill Profiles, Autofill, Autofill Custom Data, Typed URLs, Extensions, Sessions, Extension settings, History Delete Directives, Device Info, User Consents, Send Tab To Self, Web Apps, Collection, Edge E Drop, Encryption Keys}
{"logTime": "0701/125931", "correlationVector":"D3BCK0zO/h4rvRN+QvJ7O5.1","action":"SyncServerConnectionManagerRequest", "result":"SYNC_SERVER_OK", "context":{"environment":"Prod_SoutheastAsia_000j", "migrationStage":"NotStarted", "server":"GENERAL01000005"}}
{"logTime": "0701/125931", "correlationVector":"D3BCK0zO/h4rvRN+QvJ7O5.2","action":"GetUpdates Response", "result":"SYNCER_OK", "context":Received 0 update(s). cV=D3BCK0zO/h4rvRN+QvJ7O5.0;server=GENERAL01000005;cloudType=Consumer;environment=Prod_SoutheastAsia_000j;migrationStage=NotStarted}
{"logTime": "0701/125931", "correlationVector":"dx0GmBqFr+uRYnRnj/D/1y","action":"Commit Request", "result":"", "context":Item count: 1
Contributing types: Device Info}
{"logTime": "0701/125932", "correlationVector":"dx0GmBqFr+uRYnRnj/D/1y.1","action":"SyncServerConnectionManagerRequest", "result":"SYNC_SERVER_OK", "context":{"environment":"Prod_SoutheastAsia_000j", "migrationStage":"NotStarted", "server":"GENERAL0100000X"}}
{"logTime": "0701/125932", "correlationVector":"dx0GmBqFr+uRYnRnj/D/1y.2","action":"Commit Response", "result":"SYNCER_OK", "context":Result: SYNCER_OK. cV=dx0GmBqFr+uRYnRnj/D/1y.0;server=GENERAL0100000X;cloudType=Consumer;environment=Prod_SoutheastAsia_000j;migrationStage=NotStarted}
{"logTime": "0701/125932", "correlationVector":"ttM1SBMiTqL8MX7wIfc7ht","action":"Commit Request", "result":"", "context":Item count: 4
Contributing types: Sessions, User Consents}
{"logTime": "0701/125933", "correlationVector":"ttM1SBMiTqL8MX7wIfc7ht.1","action":"SyncServerConnectionManagerRequest", "result":"SYNC_SERVER_OK", "context":{"environment":"Prod_SoutheastAsia_000j", "migrationStage":"NotStarted", "server":"general0100000F"}}
{"logTime": "0701/125933", "correlationVector":"ttM1SBMiTqL8MX7wIfc7ht.2","action":"Commit Response", "result":"SYNCER_OK", "context":Result: SYNCER_OK. cV=ttM1SBMiTqL8MX7wIfc7ht.0;server=general0100000F;cloudType=Consumer;environment=Prod_SoutheastAsia_000j;migrationStage=NotStarted}
{"logTime": "0701/130004", "correlationVector":"sVUjM6+AlSji33hWc5i5zq","action":"Commit Request", "result":"", "context":Item count: 1
Contributing types: Sessions}
{"logTime": "0701/130009", "correlationVector":"sVUjM6+AlSji33hWc5i5zq.1","action":"SyncServerConnectionManagerRequest", "result":"SYNC_SERVER_OK", "context":{"environment":"Prod_SoutheastAsia_000j", "migrationStage":"NotStarted", "server":"general01000012"}}
{"logTime": "0701/130009", "correlationVector":"sVUjM6+AlSji33hWc5i5zq.2","action":"Commit Response", "result":"SYNCER_OK", "context":Result: SYNCER_OK. cV=sVUjM6+AlSji33hWc5i5zq.0;server=general01000012;cloudType=Consumer;environment=Prod_SoutheastAsia_000j;migrationStage=NotStarted}
{"logTime": "0701/130013", "correlationVector":"uOUKYqOpsSsQFqUkp0HyYn","action":"Commit Request", "result":"", "context":Item count: 20
Contributing types: Passwords}
{"logTime": "0701/130015", "correlationVector":"uOUKYqOpsSsQFqUkp0HyYn.1","action":"SyncServerConnectionManagerRequest", "result":"SYNC_SERVER_OK", "context":{"environment":"Prod_SoutheastAsia_000j", "migrationStage":"NotStarted", "server":"GENERAL01000001"}}
{"logTime": "0701/130015", "correlationVector":"uOUKYqOpsSsQFqUkp0HyYn.2","action":"Commit Response", "result":"SYNCER_OK", "context":Result: SYNCER_OK. cV=uOUKYqOpsSsQFqUkp0HyYn.0;server=GENERAL01000001;cloudType=Consumer;environment=Prod_SoutheastAsia_000j;migrationStage=NotStarted}
{"logTime": "0701/130015", "correlationVector":"3rHfYXFplO9By9EhcHPSGm","action":"Commit Request", "result":"", "context":Item count: 20
Contributing types: Passwords}
{"logTime": "0701/130016", "correlationVector":"3rHfYXFplO9By9EhcHPSGm.1","action":"SyncServerConnectionManagerRequest", "result":"SYNC_SERVER_OK", "context":{"environment":"Prod_SoutheastAsia_000j", "migrationStage":"NotStarted", "server":"GENERAL01000005"}}
{"logTime": "0701/130016", "correlationVector":"3rHfYXFplO9By9EhcHPSGm.2","action":"Commit Response", "result":"SYNCER_OK", "context":Result: SYNCER_OK. cV=3rHfYXFplO9By9EhcHPSGm.0;server=GENERAL01000005;cloudType=Consumer;environment=Prod_SoutheastAsia_000j;migrationStage=NotStarted}
{"logTime": "0701/130016", "correlationVector":"WYHcJgcicOsltssI5lnxI9","action":"Commit Request", "result":"", "context":Item count: 20
Contributing types: Passwords}
{"logTime": "0701/130018", "correlationVector":"WYHcJgcicOsltssI5lnxI9.1","action":"SyncServerConnectionManagerRequest", "result":"SYNC_SERVER_OK", "context":{"environment":"Prod_SoutheastAsia_000j", "migrationStage":"NotStarted", "server":"GENERAL0100000K"}}
{"logTime": "0701/130018", "correlationVector":"WYHcJgcicOsltssI5lnxI9.2","action":"Commit Response", "result":"SYNCER_OK", "context":Result: SYNCER_OK. cV=WYHcJgcicOsltssI5lnxI9.0;server=GENERAL0100000K;cloudType=Consumer;environment=Prod_SoutheastAsia_000j;migrationStage=NotStarted}
{"logTime": "0701/130018", "correlationVector":"HbZGJyhJqgpag8uRzlwx2s","action":"Commit Request", "result":"", "context":Item count: 20
Contributing types: Passwords}
{"logTime": "0701/130019", "correlationVector":"HbZGJyhJqgpag8uRzlwx2s.1","action":"SyncServerConnectionManagerRequest", "result":"SYNC_SERVER_OK", "context":{"environment":"Prod_SoutheastAsia_000j", "migrationStage":"NotStarted", "server":"GENERAL0100000K"}}
{"logTime": "0701/130019", "correlationVector":"HbZGJyhJqgpag8uRzlwx2s.2","action":"Commit Response", "result":"SYNCER_OK", "context":Result: SYNCER_OK. cV=HbZGJyhJqgpag8uRzlwx2s.0;server=GENERAL0100000K;cloudType=Consumer;environment=Prod_SoutheastAsia_000j;migrationStage=NotStarted}
{"logTime": "0701/130019", "correlationVector":"b9rSV8WsrS+Z+/IQSYDWzK","action":"Commit Request", "result":"", "context":Item count: 15
Contributing types: Passwords}
{"logTime": "0701/130020", "correlationVector":"b9rSV8WsrS+Z+/IQSYDWzK.1","action":"SyncServerConnectionManagerRequest", "result":"SYNC_SERVER_OK", "context":{"environment":"Prod_SoutheastAsia_000j", "migrationStage":"NotStarted", "server":"GENERAL01000015"}}
{"logTime": "0701/130020", "correlationVector":"b9rSV8WsrS+Z+/IQSYDWzK.2","action":"Commit Response", "result":"SYNCER_OK", "context":Result: SYNCER_OK. cV=b9rSV8WsrS+Z+/IQSYDWzK.0;server=GENERAL01000015;cloudType=Consumer;environment=Prod_SoutheastAsia_000j;migrationStage=NotStarted}
{"logTime": "0701/130216", "correlationVector":"/gXekN1ysDp6MyLWAU1C/g","action":"Commit Request", "result":"", "context":Item count: 1
Contributing types: Sessions}
{"logTime": "0701/130217", "correlationVector":"/gXekN1ysDp6MyLWAU1C/g.1","action":"SyncServerConnectionManagerRequest", "result":"SYNC_SERVER_OK", "context":{"environment":"Prod_SoutheastAsia_000j", "migrationStage":"NotStarted", "server":"GENERAL0100000A"}}
{"logTime": "0701/130217", "correlationVector":"/gXekN1ysDp6MyLWAU1C/g.2","action":"Commit Response", "result":"SYNCER_OK", "context":Result: SYNCER_OK. cV=/gXekN1ysDp6MyLWAU1C/g.0;server=GENERAL0100000A;cloudType=Consumer;environment=Prod_SoutheastAsia_000j;migrationStage=NotStarted}
{"logTime": "0701/130419", "correlationVector":"9X36XZpJ8Q+fBItBH9H9Ov","action":"Commit Request", "result":"", "context":Item count: 2
Contributing types: Bookmarks, Sessions}
{"logTime": "0701/130419", "correlationVector":"9X36XZpJ8Q+fBItBH9H9Ov.1","action":"SyncServerConnectionManagerRequest", "result":"SYNC_SERVER_OK", "context":{"environment":"Prod_SoutheastAsia_000j", "migrationStage":"NotStarted", "server":"GENERAL01000004"}}
{"logTime": "0701/130419", "correlationVector":"9X36XZpJ8Q+fBItBH9H9Ov.2","action":"Commit Response", "result":"SYNCER_OK", "context":Result: SYNCER_OK. cV=9X36XZpJ8Q+fBItBH9H9Ov.0;server=GENERAL01000004;cloudType=Consumer;environment=Prod_SoutheastAsia_000j;migrationStage=NotStarted}
